mode: set
github.com/freischarler/desafio-twitter/internal/infraestructure/redis/redis_client.go:12.37,22.16 3 0
github.com/freischarler/desafio-twitter/internal/infraestructure/redis/redis_client.go:22.16,24.3 1 0
github.com/freischarler/desafio-twitter/internal/infraestructure/redis/redis_client.go:27.2,28.16 2 0
github.com/freischarler/desafio-twitter/internal/infraestructure/redis/redis_client.go:28.16,30.3 1 0
github.com/freischarler/desafio-twitter/internal/infraestructure/redis/redis_client.go:32.2,32.12 1 0
github.com/freischarler/desafio-twitter/internal/infraestructure/dynamoDb/dynamoDb_client.go:16.52,19.16 2 0
github.com/freischarler/desafio-twitter/internal/infraestructure/dynamoDb/dynamoDb_client.go:19.16,21.3 1 0
github.com/freischarler/desafio-twitter/internal/infraestructure/dynamoDb/dynamoDb_client.go:23.2,24.20 2 0
github.com/freischarler/desafio-twitter/internal/infraestructure/dynamoDb/dynamoDb_client.go:24.20,26.3 1 0
github.com/freischarler/desafio-twitter/internal/infraestructure/dynamoDb/dynamoDb_client.go:28.2,36.16 6 0
github.com/freischarler/desafio-twitter/internal/infraestructure/dynamoDb/dynamoDb_client.go:36.16,39.3 2 0
github.com/freischarler/desafio-twitter/internal/infraestructure/dynamoDb/dynamoDb_client.go:41.2,43.20 2 0
github.com/freischarler/desafio-twitter/internal/infraestructure/dynamoDb/dynamoDb_client.go:47.69,48.41 1 0
github.com/freischarler/desafio-twitter/internal/infraestructure/dynamoDb/dynamoDb_client.go:48.41,52.3 3 0
github.com/freischarler/desafio-twitter/internal/infraestructure/dynamoDb/dynamoDb_client.go:56.97,58.34 2 0
github.com/freischarler/desafio-twitter/internal/infraestructure/dynamoDb/dynamoDb_client.go:58.34,60.17 2 0
github.com/freischarler/desafio-twitter/internal/infraestructure/dynamoDb/dynamoDb_client.go:60.17,62.4 1 0
github.com/freischarler/desafio-twitter/internal/infraestructure/dynamoDb/dynamoDb_client.go:63.3,64.20 2 0
github.com/freischarler/desafio-twitter/internal/infraestructure/dynamoDb/dynamoDb_client.go:66.2,66.12 1 0
github.com/freischarler/desafio-twitter/internal/infraestructure/dynamoDb/dynamoDb_configurator.go:25.67,29.2 1 0
github.com/freischarler/desafio-twitter/internal/infraestructure/dynamoDb/dynamoDb_configurator.go:32.49,36.2 3 0
github.com/freischarler/desafio-twitter/internal/infraestructure/dynamoDb/dynamoDb_configurator.go:39.99,41.16 2 0
github.com/freischarler/desafio-twitter/internal/infraestructure/dynamoDb/dynamoDb_configurator.go:41.16,42.13 1 0
github.com/freischarler/desafio-twitter/internal/infraestructure/dynamoDb/dynamoDb_configurator.go:44.2,44.13 1 0
github.com/freischarler/desafio-twitter/internal/infraestructure/dynamoDb/dynamoDb_configurator.go:44.13,45.38 1 0
github.com/freischarler/desafio-twitter/internal/infraestructure/dynamoDb/dynamoDb_configurator.go:45.38,47.4 1 0
github.com/freischarler/desafio-twitter/internal/infraestructure/dynamoDb/dynamoDb_configurator.go:52.77,56.16 2 0
github.com/freischarler/desafio-twitter/internal/infraestructure/dynamoDb/dynamoDb_configurator.go:56.16,58.34 2 0
github.com/freischarler/desafio-twitter/internal/infraestructure/dynamoDb/dynamoDb_configurator.go:58.34,61.4 2 0
github.com/freischarler/desafio-twitter/internal/infraestructure/dynamoDb/dynamoDb_configurator.go:62.3,63.20 2 0
github.com/freischarler/desafio-twitter/internal/infraestructure/dynamoDb/dynamoDb_configurator.go:65.2,65.18 1 0
github.com/freischarler/desafio-twitter/internal/infraestructure/dynamoDb/dynamoDb_configurator.go:69.103,71.16 2 0
github.com/freischarler/desafio-twitter/internal/infraestructure/dynamoDb/dynamoDb_configurator.go:71.16,74.3 2 0
github.com/freischarler/desafio-twitter/internal/infraestructure/dynamoDb/dynamoDb_configurator.go:76.2,79.16 3 0
github.com/freischarler/desafio-twitter/internal/infraestructure/dynamoDb/dynamoDb_configurator.go:79.16,82.3 2 0
github.com/freischarler/desafio-twitter/internal/infraestructure/dynamoDb/dynamoDb_configurator.go:84.2,85.12 2 0
github.com/freischarler/desafio-twitter/internal/infraestructure/dynamoDb/dynamoDb_tables.go:10.66,27.2 2 0
github.com/freischarler/desafio-twitter/internal/infraestructure/dynamoDb/dynamoDb_tables.go:30.59,61.2 2 0
github.com/freischarler/desafio-twitter/internal/infraestructure/dynamoDb/dynamoDb_tables.go:64.66,79.2 2 0
github.com/freischarler/desafio-twitter/internal/adapters/http/handlers.go:12.67,13.54 1 1
github.com/freischarler/desafio-twitter/internal/adapters/http/handlers.go:13.54,19.19 5 1
github.com/freischarler/desafio-twitter/internal/adapters/http/handlers.go:19.19,23.4 3 1
github.com/freischarler/desafio-twitter/internal/adapters/http/handlers.go:24.3,24.18 1 1
github.com/freischarler/desafio-twitter/internal/adapters/http/handlers.go:24.18,28.4 3 1
github.com/freischarler/desafio-twitter/internal/adapters/http/handlers.go:30.3,31.17 2 1
github.com/freischarler/desafio-twitter/internal/adapters/http/handlers.go:31.17,35.4 3 0
github.com/freischarler/desafio-twitter/internal/adapters/http/handlers.go:37.3,40.55 4 1
github.com/freischarler/desafio-twitter/internal/adapters/http/handlers.go:45.66,46.54 1 1
github.com/freischarler/desafio-twitter/internal/adapters/http/handlers.go:46.54,52.43 5 1
github.com/freischarler/desafio-twitter/internal/adapters/http/handlers.go:52.43,56.4 3 1
github.com/freischarler/desafio-twitter/internal/adapters/http/handlers.go:58.3,58.72 1 1
github.com/freischarler/desafio-twitter/internal/adapters/http/handlers.go:58.72,62.4 3 0
github.com/freischarler/desafio-twitter/internal/adapters/http/handlers.go:64.3,67.78 4 1
github.com/freischarler/desafio-twitter/internal/adapters/http/handlers.go:72.66,73.54 1 1
github.com/freischarler/desafio-twitter/internal/adapters/http/handlers.go:73.54,77.19 3 1
github.com/freischarler/desafio-twitter/internal/adapters/http/handlers.go:77.19,81.4 3 1
github.com/freischarler/desafio-twitter/internal/adapters/http/handlers.go:83.3,84.17 2 1
github.com/freischarler/desafio-twitter/internal/adapters/http/handlers.go:84.17,88.4 3 0
github.com/freischarler/desafio-twitter/internal/adapters/http/handlers.go:90.3,92.66 3 1
github.com/freischarler/desafio-twitter/cmd/server/main.go:16.13,18.16 2 0
github.com/freischarler/desafio-twitter/cmd/server/main.go:18.16,20.3 1 0
github.com/freischarler/desafio-twitter/cmd/server/main.go:21.2,42.16 13 0
github.com/freischarler/desafio-twitter/cmd/server/main.go:42.16,44.3 1 0
github.com/freischarler/desafio-twitter/cmd/server/main.go:46.2,47.63 2 0
github.com/freischarler/desafio-twitter/cmd/server/main.go:47.63,49.3 1 0
github.com/freischarler/desafio-twitter/internal/infraestructure/dynamoDb/dynamoDb_client.go:16.52,19.16 2 0
github.com/freischarler/desafio-twitter/internal/infraestructure/dynamoDb/dynamoDb_client.go:19.16,21.3 1 0
github.com/freischarler/desafio-twitter/internal/infraestructure/dynamoDb/dynamoDb_client.go:23.2,24.20 2 0
github.com/freischarler/desafio-twitter/internal/infraestructure/dynamoDb/dynamoDb_client.go:24.20,26.3 1 0
github.com/freischarler/desafio-twitter/internal/infraestructure/dynamoDb/dynamoDb_client.go:28.2,36.16 6 0
github.com/freischarler/desafio-twitter/internal/infraestructure/dynamoDb/dynamoDb_client.go:36.16,39.3 2 0
github.com/freischarler/desafio-twitter/internal/infraestructure/dynamoDb/dynamoDb_client.go:41.2,43.20 2 0
github.com/freischarler/desafio-twitter/internal/infraestructure/dynamoDb/dynamoDb_client.go:47.69,48.41 1 0
github.com/freischarler/desafio-twitter/internal/infraestructure/dynamoDb/dynamoDb_client.go:48.41,52.3 3 0
github.com/freischarler/desafio-twitter/internal/infraestructure/dynamoDb/dynamoDb_client.go:56.97,58.34 2 0
github.com/freischarler/desafio-twitter/internal/infraestructure/dynamoDb/dynamoDb_client.go:58.34,60.17 2 0
github.com/freischarler/desafio-twitter/internal/infraestructure/dynamoDb/dynamoDb_client.go:60.17,62.4 1 0
github.com/freischarler/desafio-twitter/internal/infraestructure/dynamoDb/dynamoDb_client.go:63.3,64.20 2 0
github.com/freischarler/desafio-twitter/internal/infraestructure/dynamoDb/dynamoDb_client.go:66.2,66.12 1 0
github.com/freischarler/desafio-twitter/internal/infraestructure/dynamoDb/dynamoDb_configurator.go:25.67,29.2 1 0
github.com/freischarler/desafio-twitter/internal/infraestructure/dynamoDb/dynamoDb_configurator.go:32.49,36.2 3 0
github.com/freischarler/desafio-twitter/internal/infraestructure/dynamoDb/dynamoDb_configurator.go:39.99,41.16 2 0
github.com/freischarler/desafio-twitter/internal/infraestructure/dynamoDb/dynamoDb_configurator.go:41.16,42.13 1 0
github.com/freischarler/desafio-twitter/internal/infraestructure/dynamoDb/dynamoDb_configurator.go:44.2,44.13 1 0
github.com/freischarler/desafio-twitter/internal/infraestructure/dynamoDb/dynamoDb_configurator.go:44.13,45.38 1 0
github.com/freischarler/desafio-twitter/internal/infraestructure/dynamoDb/dynamoDb_configurator.go:45.38,47.4 1 0
github.com/freischarler/desafio-twitter/internal/infraestructure/dynamoDb/dynamoDb_configurator.go:52.77,56.16 2 0
github.com/freischarler/desafio-twitter/internal/infraestructure/dynamoDb/dynamoDb_configurator.go:56.16,58.34 2 0
github.com/freischarler/desafio-twitter/internal/infraestructure/dynamoDb/dynamoDb_configurator.go:58.34,61.4 2 0
github.com/freischarler/desafio-twitter/internal/infraestructure/dynamoDb/dynamoDb_configurator.go:62.3,63.20 2 0
github.com/freischarler/desafio-twitter/internal/infraestructure/dynamoDb/dynamoDb_configurator.go:65.2,65.18 1 0
github.com/freischarler/desafio-twitter/internal/infraestructure/dynamoDb/dynamoDb_configurator.go:69.103,71.16 2 0
github.com/freischarler/desafio-twitter/internal/infraestructure/dynamoDb/dynamoDb_configurator.go:71.16,74.3 2 0
github.com/freischarler/desafio-twitter/internal/infraestructure/dynamoDb/dynamoDb_configurator.go:76.2,79.16 3 0
github.com/freischarler/desafio-twitter/internal/infraestructure/dynamoDb/dynamoDb_configurator.go:79.16,82.3 2 0
github.com/freischarler/desafio-twitter/internal/infraestructure/dynamoDb/dynamoDb_configurator.go:84.2,85.12 2 0
github.com/freischarler/desafio-twitter/internal/infraestructure/dynamoDb/dynamoDb_tables.go:10.66,27.2 2 0
github.com/freischarler/desafio-twitter/internal/infraestructure/dynamoDb/dynamoDb_tables.go:30.59,61.2 2 0
github.com/freischarler/desafio-twitter/internal/infraestructure/dynamoDb/dynamoDb_tables.go:64.66,79.2 2 0
github.com/freischarler/desafio-twitter/internal/infraestructure/redis/redis_client.go:12.37,22.16 3 0
github.com/freischarler/desafio-twitter/internal/infraestructure/redis/redis_client.go:22.16,24.3 1 0
github.com/freischarler/desafio-twitter/internal/infraestructure/redis/redis_client.go:27.2,28.16 2 0
github.com/freischarler/desafio-twitter/internal/infraestructure/redis/redis_client.go:28.16,30.3 1 0
github.com/freischarler/desafio-twitter/internal/infraestructure/redis/redis_client.go:32.2,32.12 1 0
github.com/freischarler/desafio-twitter/internal/middleware/ratelimit.go:24.65,34.2 3 1
github.com/freischarler/desafio-twitter/internal/middleware/ratelimit.go:36.55,41.13 4 1
github.com/freischarler/desafio-twitter/internal/middleware/ratelimit.go:41.13,43.33 2 1
github.com/freischarler/desafio-twitter/internal/middleware/ratelimit.go:43.33,45.4 1 1
github.com/freischarler/desafio-twitter/internal/middleware/ratelimit.go:46.3,49.13 2 1
github.com/freischarler/desafio-twitter/internal/middleware/ratelimit.go:49.13,52.23 3 1
github.com/freischarler/desafio-twitter/internal/middleware/ratelimit.go:52.23,54.46 2 1
github.com/freischarler/desafio-twitter/internal/middleware/ratelimit.go:54.46,57.6 2 0
github.com/freischarler/desafio-twitter/internal/middleware/ratelimit.go:58.5,58.12 1 1
github.com/freischarler/desafio-twitter/internal/middleware/ratelimit.go:59.34,59.34 0 1
github.com/freischarler/desafio-twitter/internal/middleware/ratelimit.go:60.13,60.13 0 0
github.com/freischarler/desafio-twitter/internal/middleware/ratelimit.go:62.5,62.19 1 1
github.com/freischarler/desafio-twitter/internal/middleware/ratelimit.go:66.3,66.22 1 1
github.com/freischarler/desafio-twitter/internal/middleware/ratelimit.go:69.2,70.10 2 1
github.com/freischarler/desafio-twitter/internal/middleware/ratelimit.go:73.42,74.6 1 1
github.com/freischarler/desafio-twitter/internal/middleware/ratelimit.go:74.6,77.34 3 1
github.com/freischarler/desafio-twitter/internal/middleware/ratelimit.go:77.34,78.46 1 0
github.com/freischarler/desafio-twitter/internal/middleware/ratelimit.go:78.46,80.5 1 0
github.com/freischarler/desafio-twitter/internal/middleware/ratelimit.go:82.3,82.17 1 0
github.com/freischarler/desafio-twitter/internal/middleware/ratelimit.go:86.62,87.71 1 1
github.com/freischarler/desafio-twitter/internal/middleware/ratelimit.go:87.71,91.10 3 1
github.com/freischarler/desafio-twitter/internal/middleware/ratelimit.go:92.20,93.24 1 1
github.com/freischarler/desafio-twitter/internal/middleware/ratelimit.go:94.11,95.66 1 1
github.com/freischarler/desafio-twitter/internal/middleware/ratelimit.go:100.36,102.14 2 1
github.com/freischarler/desafio-twitter/internal/middleware/ratelimit.go:102.14,104.3 1 0
github.com/freischarler/desafio-twitter/internal/middleware/ratelimit.go:105.2,105.31 1 1
github.com/freischarler/desafio-twitter/internal/middleware/ratelimit.go:105.31,107.3 1 1
github.com/freischarler/desafio-twitter/internal/middleware/ratelimit.go:108.2,108.11 1 1
github.com/freischarler/desafio-twitter/internal/middleware/ratelimit.go:112.89,115.2 2 1
github.com/freischarler/desafio-twitter/internal/application/tweet_service.go:42.114,48.2 1 1
github.com/freischarler/desafio-twitter/internal/application/tweet_service.go:51.83,52.33 1 1
github.com/freischarler/desafio-twitter/internal/application/tweet_service.go:52.33,54.3 1 1
github.com/freischarler/desafio-twitter/internal/application/tweet_service.go:56.2,67.16 3 1
github.com/freischarler/desafio-twitter/internal/application/tweet_service.go:67.16,69.3 1 0
github.com/freischarler/desafio-twitter/internal/application/tweet_service.go:71.2,82.16 2 1
github.com/freischarler/desafio-twitter/internal/application/tweet_service.go:82.16,84.3 1 0
github.com/freischarler/desafio-twitter/internal/application/tweet_service.go:87.2,88.16 2 1
github.com/freischarler/desafio-twitter/internal/application/tweet_service.go:88.16,92.17 3 0
github.com/freischarler/desafio-twitter/internal/application/tweet_service.go:92.17,94.4 1 0
github.com/freischarler/desafio-twitter/internal/application/tweet_service.go:97.3,105.44 2 0
github.com/freischarler/desafio-twitter/internal/application/tweet_service.go:105.44,107.4 1 0
github.com/freischarler/desafio-twitter/internal/application/tweet_service.go:110.3,111.17 2 0
github.com/freischarler/desafio-twitter/internal/application/tweet_service.go:111.17,113.4 1 0
github.com/freischarler/desafio-twitter/internal/application/tweet_service.go:114.3,115.17 2 0
github.com/freischarler/desafio-twitter/internal/application/tweet_service.go:115.17,117.4 1 0
github.com/freischarler/desafio-twitter/internal/application/tweet_service.go:120.2,120.21 1 1
github.com/freischarler/desafio-twitter/internal/application/tweet_service.go:124.82,131.16 2 1
github.com/freischarler/desafio-twitter/internal/application/tweet_service.go:131.16,133.3 1 0
github.com/freischarler/desafio-twitter/internal/application/tweet_service.go:135.2,135.24 1 1
github.com/freischarler/desafio-twitter/internal/application/tweet_service.go:135.24,137.3 1 1
github.com/freischarler/desafio-twitter/internal/application/tweet_service.go:139.2,140.33 2 1
github.com/freischarler/desafio-twitter/internal/application/tweet_service.go:140.33,142.3 1 0
github.com/freischarler/desafio-twitter/internal/application/tweet_service.go:143.2,152.19 3 1
github.com/freischarler/desafio-twitter/internal/application/tweet_service.go:157.86,160.22 2 1
github.com/freischarler/desafio-twitter/internal/application/tweet_service.go:160.22,166.17 3 1
github.com/freischarler/desafio-twitter/internal/application/tweet_service.go:166.17,168.4 1 0
github.com/freischarler/desafio-twitter/internal/application/tweet_service.go:171.3,171.25 1 1
github.com/freischarler/desafio-twitter/internal/application/tweet_service.go:171.25,173.4 1 1
github.com/freischarler/desafio-twitter/internal/application/tweet_service.go:176.3,177.17 2 1
github.com/freischarler/desafio-twitter/internal/application/tweet_service.go:177.17,179.4 1 0
github.com/freischarler/desafio-twitter/internal/application/tweet_service.go:180.3,181.17 2 1
github.com/freischarler/desafio-twitter/internal/application/tweet_service.go:181.17,183.4 1 0
github.com/freischarler/desafio-twitter/internal/application/tweet_service.go:185.3,185.23 1 1
github.com/freischarler/desafio-twitter/internal/application/tweet_service.go:186.8,186.23 1 1
github.com/freischarler/desafio-twitter/internal/application/tweet_service.go:186.23,188.3 1 0
github.com/freischarler/desafio-twitter/internal/application/tweet_service.go:191.2,196.16 4 1
github.com/freischarler/desafio-twitter/internal/application/tweet_service.go:196.16,198.3 1 0
github.com/freischarler/desafio-twitter/internal/application/tweet_service.go:200.2,200.22 1 1
github.com/freischarler/desafio-twitter/internal/application/tweet_service.go:204.98,207.16 2 1
github.com/freischarler/desafio-twitter/internal/application/tweet_service.go:207.16,209.3 1 0
github.com/freischarler/desafio-twitter/internal/application/tweet_service.go:212.2,217.39 3 1
github.com/freischarler/desafio-twitter/internal/application/tweet_service.go:217.39,224.17 2 1
github.com/freischarler/desafio-twitter/internal/application/tweet_service.go:224.17,226.4 1 0
github.com/freischarler/desafio-twitter/internal/application/tweet_service.go:228.3,228.57 1 1
github.com/freischarler/desafio-twitter/internal/application/tweet_service.go:228.57,229.12 1 0
github.com/freischarler/desafio-twitter/internal/application/tweet_service.go:232.3,233.61 2 1
github.com/freischarler/desafio-twitter/internal/application/tweet_service.go:233.61,234.12 1 1
github.com/freischarler/desafio-twitter/internal/application/tweet_service.go:237.3,239.40 2 1
github.com/freischarler/desafio-twitter/internal/application/tweet_service.go:239.40,242.18 3 1
github.com/freischarler/desafio-twitter/internal/application/tweet_service.go:242.18,243.13 1 0
github.com/freischarler/desafio-twitter/internal/application/tweet_service.go:245.4,245.38 1 1
github.com/freischarler/desafio-twitter/internal/application/tweet_service.go:250.2,250.43 1 1
github.com/freischarler/desafio-twitter/internal/application/tweet_service.go:250.43,252.3 1 0
github.com/freischarler/desafio-twitter/internal/application/tweet_service.go:254.2,254.22 1 1
github.com/freischarler/desafio-twitter/internal/application/tweet_service.go:258.81,266.16 2 1
github.com/freischarler/desafio-twitter/internal/application/tweet_service.go:266.16,268.3 1 0
github.com/freischarler/desafio-twitter/internal/application/tweet_service.go:270.2,271.36 2 1
github.com/freischarler/desafio-twitter/internal/application/tweet_service.go:271.36,274.3 2 1
github.com/freischarler/desafio-twitter/internal/application/tweet_service.go:276.2,276.23 1 1
github.com/freischarler/desafio-twitter/internal/application/tweet_service_redis.go:20.73,25.2 1 1
github.com/freischarler/desafio-twitter/internal/application/tweet_service_redis.go:28.77,29.40 1 1
github.com/freischarler/desafio-twitter/internal/application/tweet_service_redis.go:29.40,31.3 1 0
github.com/freischarler/desafio-twitter/internal/application/tweet_service_redis.go:33.2,40.16 3 1
github.com/freischarler/desafio-twitter/internal/application/tweet_service_redis.go:40.16,42.3 1 0
github.com/freischarler/desafio-twitter/internal/application/tweet_service_redis.go:44.2,45.16 2 1
github.com/freischarler/desafio-twitter/internal/application/tweet_service_redis.go:45.16,47.3 1 0
github.com/freischarler/desafio-twitter/internal/application/tweet_service_redis.go:49.2,49.21 1 1
github.com/freischarler/desafio-twitter/internal/application/tweet_service_redis.go:53.76,55.16 2 1
github.com/freischarler/desafio-twitter/internal/application/tweet_service_redis.go:55.16,57.3 1 0
github.com/freischarler/desafio-twitter/internal/application/tweet_service_redis.go:59.2,59.25 1 1
github.com/freischarler/desafio-twitter/internal/application/tweet_service_redis.go:59.25,61.3 1 0
github.com/freischarler/desafio-twitter/internal/application/tweet_service_redis.go:63.2,70.19 3 1
github.com/freischarler/desafio-twitter/internal/application/tweet_service_redis.go:74.80,77.16 2 1
github.com/freischarler/desafio-twitter/internal/application/tweet_service_redis.go:77.16,79.3 1 0
github.com/freischarler/desafio-twitter/internal/application/tweet_service_redis.go:81.2,84.39 2 1
github.com/freischarler/desafio-twitter/internal/application/tweet_service_redis.go:84.39,86.36 2 1
github.com/freischarler/desafio-twitter/internal/application/tweet_service_redis.go:86.36,88.18 2 1
github.com/freischarler/desafio-twitter/internal/application/tweet_service_redis.go:88.18,89.13 1 0
github.com/freischarler/desafio-twitter/internal/application/tweet_service_redis.go:91.4,91.38 1 1
github.com/freischarler/desafio-twitter/internal/application/tweet_service_redis.go:96.2,97.35 2 1
github.com/freischarler/desafio-twitter/internal/application/tweet_service_redis.go:97.35,99.17 2 1
github.com/freischarler/desafio-twitter/internal/application/tweet_service_redis.go:99.17,100.12 1 0
github.com/freischarler/desafio-twitter/internal/application/tweet_service_redis.go:102.3,102.37 1 1
github.com/freischarler/desafio-twitter/internal/application/tweet_service_redis.go:106.2,106.43 1 1
github.com/freischarler/desafio-twitter/internal/application/tweet_service_redis.go:106.43,108.3 1 1
github.com/freischarler/desafio-twitter/internal/application/tweet_service_redis.go:110.2,110.22 1 1
github.com/freischarler/desafio-twitter/internal/application/user_service.go:23.73,28.2 1 1
github.com/freischarler/desafio-twitter/internal/application/user_service.go:31.79,32.30 1 1
github.com/freischarler/desafio-twitter/internal/application/user_service.go:32.30,34.3 1 1
github.com/freischarler/desafio-twitter/internal/application/user_service.go:36.2,43.16 2 1
github.com/freischarler/desafio-twitter/internal/application/user_service.go:43.16,45.3 1 0
github.com/freischarler/desafio-twitter/internal/application/user_service.go:47.2,54.16 2 1
github.com/freischarler/desafio-twitter/internal/application/user_service.go:54.16,56.3 1 0
github.com/freischarler/desafio-twitter/internal/application/user_service.go:58.2,58.12 1 1
github.com/freischarler/desafio-twitter/internal/application/user_service_redis.go:17.71,22.2 1 1
github.com/freischarler/desafio-twitter/internal/application/user_service_redis.go:25.76,26.30 1 1
github.com/freischarler/desafio-twitter/internal/application/user_service_redis.go:26.30,28.3 1 1
github.com/freischarler/desafio-twitter/internal/application/user_service_redis.go:30.2,31.16 2 1
github.com/freischarler/desafio-twitter/internal/application/user_service_redis.go:31.16,33.3 1 0
github.com/freischarler/desafio-twitter/internal/application/user_service_redis.go:35.2,36.16 2 1
github.com/freischarler/desafio-twitter/internal/application/user_service_redis.go:36.16,38.3 1 0
github.com/freischarler/desafio-twitter/internal/application/user_service_redis.go:40.2,40.12 1 1
